<?xml version="1.0" encoding="UTF-8"?>
<testsuites name="jest tests" tests="4" failures="0" errors="0" time="6.566">
  <testsuite name="BalanceUtils" errors="0" failures="0" skipped="0" timestamp="2023-05-08T12:49:05" time="6.521" tests="4">
    <testcase classname="BalanceUtils VET - should return the correct balance" name="BalanceUtils VET - should return the correct balance" time="0.002">
    </testcase>
    <testcase classname="BalanceUtils VTHO - should return the correct balance" name="BalanceUtils VTHO - should return the correct balance" time="0.001">
    </testcase>
    <testcase classname="BalanceUtils PLA Token - should return the correct balance" name="BalanceUtils PLA Token - should return the correct balance" time="0.002">
    </testcase>
    <testcase classname="BalanceUtils SHA Token - should return the correct balance" name="BalanceUtils SHA Token - should return the correct balance" time="0.001">
    </testcase>
  </testsuite>
</testsuites>